#
# A fatal error has been detected by the Java Runtime Environment:
#
#  EXCEPTION_ACCESS_VIOLATION (0xc0000005) at pc=0x00007ffca2216fe7, pid=11744, tid=12448
#
# JRE version: Java(TM) SE Runtime Environment (23.0.1+11) (build 23.0.1+11-39)
# Java VM: Java HotSpot(TM) 64-Bit Server VM (23.0.1+11-39, mixed mode, sharing, tiered, compressed oops, compressed class ptrs, g1 gc, windows-amd64)
# Problematic frame:
# V  [jvm.dll+0x156fe7]
#
# No core dump will be written. Minidumps are not enabled by default on client versions of Windows
#
# If you would like to submit a bug report, please visit:
#   https://bugreport.java.com/bugreport/crash.jsp
#

---------------  S U M M A R Y ------------

Command Line: -javaagent:C:\Program Files\JetBrains\IntelliJ IDEA Community Edition 2024.3.1\lib\idea_rt.jar=50640:C:\Program Files\JetBrains\IntelliJ IDEA Community Edition 2024.3.1\bin -Dfile.encoding=UTF-8 -Dsun.stdout.encoding=UTF-8 -Dsun.stderr.encoding=UTF-8 com.store.product.ProductApplication

Host: Intel(R) Core(TM) i5-8265U CPU @ 1.60GHz, 8 cores, 7G,  Windows 10 , 64 bit Build 19041 (10.0.19041.5072)
Time: Mon Dec 30 22:56:07 2024 SE Asia Standard Time elapsed time: 316.009574 seconds (0d 0h 5m 16s)

---------------  T H R E A D  ---------------

Current thread (0x000001749bc09670):  JavaThread "C1 CompilerThread0" daemon [_thread_in_native, id=12448, stack(0x0000003c14600000,0x0000003c14700000) (1024K)]


Current CompileTask:
C1:316009 6592   !   3       java.util.concurrent.FutureTask::runAndReset (125 bytes)

Stack: [0x0000003c14600000,0x0000003c14700000],  sp=0x0000003c146fdb30,  free space=1014k
Native frames: (J=compiled Java code, j=interpreted, Vv=VM code, C=native code)
V  [jvm.dll+0x156fe7]  (no source info available)
V  [jvm.dll+0x168585]  (no source info available)
V  [jvm.dll+0x1685e7]  (no source info available)
V  [jvm.dll+0x1685e7]  (no source info available)
V  [jvm.dll+0x1685e7]  (no source info available)
V  [jvm.dll+0x1685e7]  (no source info available)
V  [jvm.dll+0x1685e7]  (no source info available)
V  [jvm.dll+0x1685e7]  (no source info available)
V  [jvm.dll+0x1685e7]  (no source info available)
V  [jvm.dll+0x1685e7]  (no source info available)
V  [jvm.dll+0x1685e7]  (no source info available)
V  [jvm.dll+0x1685e7]  (no source info available)
V  [jvm.dll+0x1685e7]  (no source info available)
V  [jvm.dll+0x1685e7]  (no source info available)
V  [jvm.dll+0x1685e7]  (no source info available)
V  [jvm.dll+0x1685e7]  (no source info available)
V  [jvm.dll+0x1685e7]  (no source info available)
V  [jvm.dll+0x1685e7]  (no source info available)
V  [jvm.dll+0x1685e7]  (no source info available)
V  [jvm.dll+0x1685e7]  (no source info available)
V  [jvm.dll+0x1685e7]  (no source info available)
V  [jvm.dll+0x1685e7]  (no source info available)
V  [jvm.dll+0x1685e7]  (no source info available)
V  [jvm.dll+0x1685e7]  (no source info available)
V  [jvm.dll+0x1685e7]  (no source info available)
V  [jvm.dll+0x1685b6]  (no source info available)
V  [jvm.dll+0x1685e7]  (no source info available)
V  [jvm.dll+0x1685e7]  (no source info available)
V  [jvm.dll+0x1685e7]  (no source info available)
V  [jvm.dll+0x1685e7]  (no source info available)
V  [jvm.dll+0x1685e7]  (no source info available)
V  [jvm.dll+0x1685e7]  (no source info available)
V  [jvm.dll+0x1685e7]  (no source info available)
V  [jvm.dll+0x1685e7]  (no source info available)
V  [jvm.dll+0x1685e7]  (no source info available)
V  [jvm.dll+0x1685e7]  (no source info available)
V  [jvm.dll+0x1685e7]  (no source info available)
V  [jvm.dll+0x1685e7]  (no source info available)
V  [jvm.dll+0x1685e7]  (no source info available)
V  [jvm.dll+0x1685e7]  (no source info available)
V  [jvm.dll+0x1685e7]  (no source info available)
V  [jvm.dll+0x1685e7]  (no source info available)
V  [jvm.dll+0x1685e7]  (no source info available)
V  [jvm.dll+0x1685e7]  (no source info available)
V  [jvm.dll+0x1685e7]  (no source info available)
V  [jvm.dll+0x1685e7]  (no source info available)
V  [jvm.dll+0x1685e7]  (no source info available)
V  [jvm.dll+0x1685e7]  (no source info available)
V  [jvm.dll+0x1685e7]  (no source info available)
V  [jvm.dll+0x1685e7]  (no source info available)
V  [jvm.dll+0x1685e7]  (no source info available)
V  [jvm.dll+0x1686bb]  (no source info available)
V  [jvm.dll+0x15468a]  (no source info available)
V  [jvm.dll+0x164c46]  (no source info available)
V  [jvm.dll+0x14fd7b]  (no source info available)
V  [jvm.dll+0x150173]  (no source info available)
V  [jvm.dll+0x1504db]  (no source info available)
V  [jvm.dll+0x14f8a8]  (no source info available)
V  [jvm.dll+0x1516ed]  (no source info available)
V  [jvm.dll+0x253cf1]  (no source info available)
V  [jvm.dll+0x251faa]  (no source info available)
V  [jvm.dll+0x3ee036]  (no source info available)
V  [jvm.dll+0x824f8b]  (no source info available)
V  [jvm.dll+0x6df065]  (no source info available)
C  [ucrtbase.dll+0x21bb2]  (no source info available)
C  [KERNEL32.DLL+0x17374]  (no source info available)
C  [ntdll.dll+0x4cc91]  (no source info available)


siginfo: EXCEPTION_ACCESS_VIOLATION (0xc0000005), reading address 0x00000164e36d1610


Registers:
RAX=0x00000164e36d1610, RBX=0x0000000000000000, RCX=0x0000003c146fe630, RDX=0x0000000000000000
RSP=0x0000003c146fdb30, RBP=0x00000174e36d1598, RSI=0x0000003c146fe4f0, RDI=0x0000000000000000
R8 =0x0000003c146fe630, R9 =0x000000000000006a, R10=0x00007ffcfaec0000, R11=0x00007ffcfaec1b7f
R12=0x0000003c146fe630, R13=0x0000000000000000, R14=0x0000000000000002, R15=0x00000174e188a930
RIP=0x00007ffca2216fe7, EFLAGS=0x0000000000010202


Register to memory mapping:

RAX=0x00000164e36d1610 is an unknown value
RBX=0x0 is null
RCX=0x0000003c146fe630 is pointing into the stack for thread: 0x000001749bc09670
RDX=0x0 is null
RSP=0x0000003c146fdb30 is pointing into the stack for thread: 0x000001749bc09670
RBP=0x00000174e36d1598 points into unknown readable memory: 0x00000174e1889a08 | 08 9a 88 e1 74 01 00 00
RSI=0x0000003c146fe4f0 is pointing into the stack for thread: 0x000001749bc09670
RDI=0x0 is null
R8 =0x0000003c146fe630 is pointing into the stack for thread: 0x000001749bc09670
R9 =0x000000000000006a is an unknown value
R10=0x00007ffcfaec0000 VCRUNTIME140.dll
R11=0x00007ffcfaec1b7f VCRUNTIME140.dll
R12=0x0000003c146fe630 is pointing into the stack for thread: 0x000001749bc09670
R13=0x0 is null
R14=0x0000000000000002 is an unknown value
R15=0x00000174e188a930 points into unknown readable memory: 0x00007ffca2a895c8 | c8 95 a8 a2 fc 7f 00 00

Top of Stack: (sp=0x0000003c146fdb30)
0x0000003c146fdb30:   0000003c146fdca0 00007ffca26a339a
0x0000003c146fdb40:   0000fd21ef91a7f8 0000003c146fdcf0
0x0000003c146fdb50:   0000003c146feab0 00000174e36d1470
0x0000003c146fdb60:   ffffffffffffffff 00007ffca2228585
0x0000003c146fdb70:   0000000000000000 00000174e188a930
0x0000003c146fdb80:   0000003c146fe4f0 0000003c146fe630
0x0000003c146fdb90:   0000003c146fe630 00007ffca22285e7
0x0000003c146fdba0:   0000000000000000 00000174e36d1470
0x0000003c146fdbb0:   00000174e188b518 0000003c146fe4f0
0x0000003c146fdbc0:   0000003c146fe630 00007ffca22285e7
0x0000003c146fdbd0:   0000000000000000 00000174e188c528
0x0000003c146fdbe0:   00000174e188b330 0000003c146fe4f0
0x0000003c146fdbf0:   0000003c146fe630 00007ffca22285e7
0x0000003c146fdc00:   0000000000000000 00000174e188bd20
0x0000003c146fdc10:   00000174e1887680 0000003c146fe4f0
0x0000003c146fdc20:   0000003c146fe630 00007ffca22285e7
0x0000003c146fdc30:   0000000000000000 00000174e18893c0
0x0000003c146fdc40:   00000174e1888478 0000003c146fe4f0
0x0000003c146fdc50:   0000003c146fe630 00007ffca22285e7
0x0000003c146fdc60:   0000000000000000 00000174e1889010
0x0000003c146fdc70:   00000174e43cb358 0000003c146fe4f0
0x0000003c146fdc80:   0000003c146fe630 00007ffca22285e7
0x0000003c146fdc90:   0000000000000000 00000174e18871d8
0x0000003c146fdca0:   00000174e43caf88 0000003c146fe4f0
0x0000003c146fdcb0:   0000003c146fe630 00007ffca22285e7
0x0000003c146fdcc0:   0000000000000000 00000174e18868f0
0x0000003c146fdcd0:   00000174e43cc098 0000003c146fe4f0
0x0000003c146fdce0:   0000003c146fe630 00007ffca22285e7
0x0000003c146fdcf0:   0000000000000000 00000174e1886478
0x0000003c146fdd00:   00000174e18857b8 0000003c146fe4f0
0x0000003c146fdd10:   0000003c146fe630 00007ffca22285e7
0x0000003c146fdd20:   0000000000000000 00000174e1886030 

Instructions: (pc=0x00007ffca2216fe7)
0x00007ffca2216ee7:   48 3b 1c 07 0f 85 80 00 00 00 b9 98 01 00 00 e8
0x00007ffca2216ef7:   75 87 fd ff 48 85 c0 74 10 8b 53 6c 48 8b c8 e8
0x00007ffca2216f07:   85 cc ff ff 48 8b d0 eb 02 33 d2 8b 43 70 48 8d
0x00007ffca2216f17:   8a 84 00 00 00 89 42 70 8b 83 84 00 00 00 c1 e8
0x00007ffca2216f27:   07 a8 01 74 06 81 09 80 00 00 00 8b 83 84 00 00
0x00007ffca2216f37:   00 c1 e8 03 a8 01 74 03 83 09 08 8b 83 84 00 00
0x00007ffca2216f47:   00 c1 e8 02 a8 01 74 03 83 09 04 8b 83 84 00 00
0x00007ffca2216f57:   00 c1 e8 06 a8 01 74 03 83 09 40 48 8b 46 08 48
0x00007ffca2216f67:   8b da 48 8b 48 08 48 89 14 0f 48 8b c3 48 8b 5c
0x00007ffca2216f77:   24 30 48 8b 74 24 38 48 83 c4 20 5f c3 48 8b 04
0x00007ffca2216f87:   07 48 8b 74 24 38 48 83 c4 20 5f c3 cc cc cc cc
0x00007ffca2216f97:   cc cc cc cc cc cc cc cc cc 48 89 5c 24 08 48 89
0x00007ffca2216fa7:   6c 24 10 48 89 74 24 18 48 89 7c 24 20 41 54 41
0x00007ffca2216fb7:   56 41 57 48 83 ec 20 48 8b 6a 60 33 ff 4c 8b fa
0x00007ffca2216fc7:   4c 8b e1 8b df 44 8b 75 30 45 85 f6 7e 4f 66 66
0x00007ffca2216fd7:   66 0f 1f 84 00 00 00 00 00 48 8b 45 38 48 63 d3
0x00007ffca2216fe7:   48 8b 34 d0 48 85 f6 74 28 48 8b 06 48 8b ce ff
0x00007ffca2216ff7:   50 10 48 85 c0 74 11 4c 39 78 58 75 0b 48 8b d0
0x00007ffca2217007:   49 8b cc e8 91 aa 00 00 48 8b 46 18 8b 48 08 eb
0x00007ffca2217017:   05 b9 01 00 00 00 03 d9 41 3b de 7c bc 8b 75 18
0x00007ffca2217027:   85 f6 7e 4e 0f 1f 44 00 00 48 8b 45 20 48 63 cf
0x00007ffca2217037:   48 8b 1c c8 48 85 db 74 2e 48 8b 03 48 8b cb ff
0x00007ffca2217047:   50 10 48 85 c0 74 11 4c 39 78 58 75 0b 48 8b d0
0x00007ffca2217057:   49 8b cc e8 41 aa 00 00 48 8b 43 18 83 78 0c 08
0x00007ffca2217067:   74 05 8b 40 08 eb 05 b8 01 00 00 00 03 f8 3b fe
0x00007ffca2217077:   7c b7 48 8b 5c 24 40 48 8b 6c 24 48 48 8b 74 24
0x00007ffca2217087:   50 48 8b 7c 24 58 48 83 c4 20 41 5f 41 5e 41 5c
0x00007ffca2217097:   c3 cc cc cc cc cc cc cc cc 44 88 44 24 18 55 56
0x00007ffca22170a7:   41 56 48 83 ec 60 44 8b 72 54 48 8b ea 48 8b f1
0x00007ffca22170b7:   41 81 fe 85 00 00 00 7f 29 74 17 41 83 fe 03 0f
0x00007ffca22170c7:   85 25 04 00 00 48 83 c4 60 41 5e 5e 5d e9 e7 eb
0x00007ffca22170d7:   ff ff 45 33 c0 48 83 c4 60 41 5e 5e 5d e9 37 f0 


Stack slot to memory mapping:

stack at sp + 0 slots: 0x0000003c146fdca0 is pointing into the stack for thread: 0x000001749bc09670
stack at sp + 1 slots: 0x00007ffca26a339a jvm.dll
stack at sp + 2 slots: 0x0000fd21ef91a7f8 is an unknown value
stack at sp + 3 slots: 0x0000003c146fdcf0 is pointing into the stack for thread: 0x000001749bc09670
stack at sp + 4 slots: 0x0000003c146feab0 is pointing into the stack for thread: 0x000001749bc09670
stack at sp + 5 slots: 0x00000174e36d1470 points into unknown readable memory: 0x00007ffca2a84f08 | 08 4f a8 a2 fc 7f 00 00
stack at sp + 6 slots: 0xffffffffffffffff is an unknown value
stack at sp + 7 slots: 0x00007ffca2228585 jvm.dll

Lock stack of current Java thread (top to bottom):


---------------  P R O C E S S  ---------------

Threads class SMR info:
_java_thread_list=0x00000174e407f070, length=31, elements={
0x000001749bbcbcc0, 0x000001749bbccbe0, 0x000001749bbd1800, 0x000001749bbd25b0,
0x000001749bbd7810, 0x000001749bbd68f0, 0x000001749bc06800, 0x000001749bc09670,
0x00000174e10ca8e0, 0x00000174e10c9bc0, 0x00000174e10caf70, 0x00000174e2e9a520,
0x00000174e2e9b8d0, 0x00000174e2e9abb0, 0x00000174e2e99170, 0x00000174e2e99800,
0x00000174e2e9d9a0, 0x00000174e6ca95b0, 0x00000174e6ca6130, 0x00000174e6ca9c40,
0x00000174e6ca5410, 0x00000174e6ca5aa0, 0x00000174e6ca4d80, 0x00000174e6ca8f20,
0x00000174e6ca8200, 0x00000174e6ca7b70, 0x00000174e6ca8890, 0x00000174e6ca67c0,
0x00000174e6caa2d0, 0x00000174e6ca6e50, 0x00000174e6caa960
}

Java Threads: ( => current thread )
  0x000001749bbcbcc0 JavaThread "Reference Handler"          daemon [_thread_blocked, id=11836, stack(0x0000003c13f00000,0x0000003c14000000) (1024K)]
  0x000001749bbccbe0 JavaThread "Finalizer"                  daemon [_thread_blocked, id=13112, stack(0x0000003c14000000,0x0000003c14100000) (1024K)]
  0x000001749bbd1800 JavaThread "Signal Dispatcher"          daemon [_thread_blocked, id=9976, stack(0x0000003c14100000,0x0000003c14200000) (1024K)]
  0x000001749bbd25b0 JavaThread "Attach Listener"            daemon [_thread_blocked, id=13936, stack(0x0000003c14200000,0x0000003c14300000) (1024K)]
  0x000001749bbd7810 JavaThread "Service Thread"             daemon [_thread_blocked, id=6616, stack(0x0000003c14300000,0x0000003c14400000) (1024K)]
  0x000001749bbd68f0 JavaThread "Monitor Deflation Thread"   daemon [_thread_blocked, id=4124, stack(0x0000003c14400000,0x0000003c14500000) (1024K)]
  0x000001749bc06800 JavaThread "C2 CompilerThread0"         daemon [_thread_blocked, id=4828, stack(0x0000003c14500000,0x0000003c14600000) (1024K)]
=>0x000001749bc09670 JavaThread "C1 CompilerThread0"         daemon [_thread_in_native, id=12448, stack(0x0000003c14600000,0x0000003c14700000) (1024K)]
  0x00000174e10ca8e0 JavaThread "Common-Cleaner"             daemon [_thread_blocked, id=12876, stack(0x0000003c14700000,0x0000003c14800000) (1024K)]
  0x00000174e10c9bc0 JavaThread "Monitor Ctrl-Break"         daemon [_thread_in_native, id=13884, stack(0x0000003c14800000,0x0000003c14900000) (1024K)]
  0x00000174e10caf70 JavaThread "Notification Thread"        daemon [_thread_blocked, id=13992, stack(0x0000003c14900000,0x0000003c14a00000) (1024K)]
  0x00000174e2e9a520 JavaThread "Catalina-utility-1"                [_thread_blocked, id=14844, stack(0x0000003c15500000,0x0000003c15600000) (1024K)]
  0x00000174e2e9b8d0 JavaThread "Catalina-utility-2"                [_thread_blocked, id=14852, stack(0x0000003c15600000,0x0000003c15700000) (1024K)]
  0x00000174e2e9abb0 JavaThread "container-0"                       [_thread_blocked, id=14856, stack(0x0000003c15700000,0x0000003c15800000) (1024K)]
  0x00000174e2e99170 JavaThread "PostgreSQL-JDBC-Cleaner"    daemon [_thread_blocked, id=15228, stack(0x0000003c15400000,0x0000003c15500000) (1024K)]
  0x00000174e2e99800 JavaThread "HikariPool-1 housekeeper"   daemon [_thread_blocked, id=15248, stack(0x0000003c15900000,0x0000003c15a00000) (1024K)]
  0x00000174e2e9d9a0 JavaThread "File Watcher"               daemon [_thread_blocked, id=13616, stack(0x0000003c15a00000,0x0000003c15b00000) (1024K)]
  0x00000174e6ca95b0 JavaThread "Live Reload Server"         daemon [_thread_in_native, id=13624, stack(0x0000003c15e00000,0x0000003c15f00000) (1024K)]
  0x00000174e6ca6130 JavaThread "http-nio-8081-exec-1"       daemon [_thread_blocked, id=13712, stack(0x0000003c15d00000,0x0000003c15e00000) (1024K)]
  0x00000174e6ca9c40 JavaThread "http-nio-8081-exec-2"       daemon [_thread_blocked, id=13708, stack(0x0000003c15f00000,0x0000003c16000000) (1024K)]
  0x00000174e6ca5410 JavaThread "http-nio-8081-exec-3"       daemon [_thread_blocked, id=13756, stack(0x0000003c16000000,0x0000003c16100000) (1024K)]
  0x00000174e6ca5aa0 JavaThread "http-nio-8081-exec-4"       daemon [_thread_blocked, id=14152, stack(0x0000003c16100000,0x0000003c16200000) (1024K)]
  0x00000174e6ca4d80 JavaThread "http-nio-8081-exec-5"       daemon [_thread_blocked, id=12772, stack(0x0000003c16200000,0x0000003c16300000) (1024K)]
  0x00000174e6ca8f20 JavaThread "http-nio-8081-exec-6"       daemon [_thread_blocked, id=11736, stack(0x0000003c16300000,0x0000003c16400000) (1024K)]
  0x00000174e6ca8200 JavaThread "http-nio-8081-exec-7"       daemon [_thread_blocked, id=13732, stack(0x0000003c16400000,0x0000003c16500000) (1024K)]
  0x00000174e6ca7b70 JavaThread "http-nio-8081-exec-8"       daemon [_thread_blocked, id=10036, stack(0x0000003c16500000,0x0000003c16600000) (1024K)]
  0x00000174e6ca8890 JavaThread "http-nio-8081-exec-9"       daemon [_thread_blocked, id=10012, stack(0x0000003c16600000,0x0000003c16700000) (1024K)]
  0x00000174e6ca67c0 JavaThread "http-nio-8081-exec-10"      daemon [_thread_blocked, id=14424, stack(0x0000003c16700000,0x0000003c16800000) (1024K)]
  0x00000174e6caa2d0 JavaThread "http-nio-8081-Poller"       daemon [_thread_in_native, id=14428, stack(0x0000003c16800000,0x0000003c16900000) (1024K)]
  0x00000174e6ca6e50 JavaThread "http-nio-8081-Acceptor"     daemon [_thread_in_native, id=12164, stack(0x0000003c16900000,0x0000003c16a00000) (1024K)]
  0x00000174e6caa960 JavaThread "DestroyJavaVM"                     [_thread_blocked, id=1816, stack(0x0000003c13700000,0x0000003c13800000) (1024K)]
Total: 31

Other Threads:
  0x000001749bbb2640 VMThread "VM Thread"                           [id=13892, stack(0x0000003c13e00000,0x0000003c13f00000) (1024K)]
  0x000001749bba1950 WatcherThread "VM Periodic Task Thread"        [id=12128, stack(0x0000003c13d00000,0x0000003c13e00000) (1024K)]
  0x00000174fedb3ef0 WorkerThread "GC Thread#0"                     [id=9272, stack(0x0000003c13800000,0x0000003c13900000) (1024K)]
  0x00000174e1e0ec10 WorkerThread "GC Thread#1"                     [id=13916, stack(0x0000003c14c00000,0x0000003c14d00000) (1024K)]
  0x00000174e1e0efc0 WorkerThread "GC Thread#2"                     [id=12744, stack(0x0000003c14d00000,0x0000003c14e00000) (1024K)]
  0x00000174e1e0f370 WorkerThread "GC Thread#3"                     [id=13264, stack(0x0000003c14e00000,0x0000003c14f00000) (1024K)]
  0x00000174e1e0f720 WorkerThread "GC Thread#4"                     [id=5736, stack(0x0000003c14f00000,0x0000003c15000000) (1024K)]
  0x00000174e1e1bf90 WorkerThread "GC Thread#5"                     [id=5648, stack(0x0000003c15000000,0x0000003c15100000) (1024K)]
  0x00000174e20a1480 WorkerThread "GC Thread#6"                     [id=12848, stack(0x0000003c15200000,0x0000003c15300000) (1024K)]
  0x00000174e20a0210 WorkerThread "GC Thread#7"                     [id=14232, stack(0x0000003c15300000,0x0000003c15400000) (1024K)]
  0x00000174fedc8b50 ConcurrentGCThread "G1 Main Marker"            [id=6704, stack(0x0000003c13900000,0x0000003c13a00000) (1024K)]
  0x00000174fedc9e00 WorkerThread "G1 Conc#0"                       [id=3380, stack(0x0000003c13a00000,0x0000003c13b00000) (1024K)]
  0x00000174e2baaa60 WorkerThread "G1 Conc#1"                       [id=7120, stack(0x0000003c15100000,0x0000003c15200000) (1024K)]
  0x000001749ba73170 ConcurrentGCThread "G1 Refine#0"               [id=10536, stack(0x0000003c13b00000,0x0000003c13c00000) (1024K)]
  0x000001749ba73cf0 ConcurrentGCThread "G1 Service"                [id=4016, stack(0x0000003c13c00000,0x0000003c13d00000) (1024K)]
Total: 15

Threads with active compile tasks:
C1 CompilerThread0  316153 6592   !   3       java.util.concurrent.FutureTask::runAndReset (125 bytes)
Total: 1

VM state: not at safepoint (normal execution)

VM Mutex/Monitor currently owned by a thread: None

Heap address: 0x0000000082400000, size: 2012 MB, Compressed Oops mode: 32-bit

CDS archive(s) mapped at: [0x000001749c000000-0x000001749cd70000-0x000001749cd70000), size 14090240, SharedBaseAddress: 0x000001749c000000, ArchiveRelocationMode: 1.
Compressed class space mapped at: 0x000001749d000000-0x00000174dd000000, reserved size: 1073741824
Narrow klass base: 0x000001749c000000, Narrow klass shift: 0, Narrow klass range: 0x41000000

GC Precious Log:
 CardTable entry size: 512
 Card Set container configuration: InlinePtr #cards 5 size 8 Array Of Cards #cards 10 size 36 Howl #buckets 4 coarsen threshold 1843 Howl Bitmap #cards 512 size 80 coarsen threshold 460 Card regions per heap region 1 cards per card region 2048
 CPUs: 8 total, 8 available
 Memory: 8043M
 Large Page Support: Disabled
 NUMA Support: Disabled
 Compressed Oops: Enabled (32-bit)
 Heap Region Size: 1M
 Heap Min Capacity: 8M
 Heap Initial Capacity: 126M
 Heap Max Capacity: 2012M
 Pre-touch: Disabled
 Parallel Workers: 8
 Concurrent Workers: 2
 Concurrent Refinement Workers: 8
 Periodic GC: Disabled

Heap:
 garbage-first heap   total reserved 2060288K, committed 61440K, used 40792K [0x0000000082400000, 0x0000000100000000)
  region size 1024K, 13 young (13312K), 4 survivors (4096K)
 Metaspace       used 69571K, committed 70208K, reserved 1114112K
  class space    used 9957K, committed 10240K, reserved 1048576K

Heap Regions: E=young(eden), S=young(survivor), O=old, HS=humongous(starts), HC=humongous(continues), CS=collection set, F=free, TAMS=top-at-mark-start, PB=parsable bottom
|   0|0x0000000082400000, 0x0000000082500000, 0x0000000082500000|100%|HS|  |TAMS 0x0000000082400000| PB 0x0000000082400000| Complete |  0
|   1|0x0000000082500000, 0x0000000082600000, 0x0000000082600000|100%|HS|  |TAMS 0x0000000082500000| PB 0x0000000082500000| Complete |  0
|   2|0x0000000082600000, 0x0000000082700000, 0x0000000082700000|100%| O|  |TAMS 0x0000000082600000| PB 0x0000000082600000| Untracked |  0
|   3|0x0000000082700000, 0x0000000082800000, 0x0000000082800000|100%| O|  |TAMS 0x0000000082700000| PB 0x0000000082700000| Untracked |  0
|   4|0x0000000082800000, 0x0000000082900000, 0x0000000082900000|100%| O|  |TAMS 0x0000000082800000| PB 0x0000000082800000| Untracked |  0
|   5|0x0000000082900000, 0x0000000082a00000, 0x0000000082a00000|100%| O|  |TAMS 0x0000000082900000| PB 0x0000000082900000| Untracked |  0
|   6|0x0000000082a00000, 0x0000000082b00000, 0x0000000082b00000|100%| O|  |TAMS 0x0000000082a00000| PB 0x0000000082a00000| Untracked |  0
|   7|0x0000000082b00000, 0x0000000082c00000, 0x0000000082c00000|100%| O|  |TAMS 0x0000000082b00000| PB 0x0000000082b00000| Untracked |  0
|   8|0x0000000082c00000, 0x0000000082d00000, 0x0000000082d00000|100%| O|  |TAMS 0x0000000082c00000| PB 0x0000000082c00000| Untracked |  0
|   9|0x0000000082d00000, 0x0000000082e00000, 0x0000000082e00000|100%| O|  |TAMS 0x0000000082d00000| PB 0x0000000082d00000| Untracked |  0
|  10|0x0000000082e00000, 0x0000000082f00000, 0x0000000082f00000|100%| O|  |TAMS 0x0000000082e00000| PB 0x0000000082e00000| Untracked |  0
|  11|0x0000000082f00000, 0x0000000083000000, 0x0000000083000000|100%| O|  |TAMS 0x0000000082f00000| PB 0x0000000082f00000| Untracked |  0
|  12|0x0000000083000000, 0x0000000083100000, 0x0000000083100000|100%| O|  |TAMS 0x0000000083000000| PB 0x0000000083000000| Untracked |  0
|  13|0x0000000083100000, 0x0000000083200000, 0x0000000083200000|100%| O|  |TAMS 0x0000000083100000| PB 0x0000000083100000| Untracked |  0
|  14|0x0000000083200000, 0x0000000083300000, 0x0000000083300000|100%| O|  |TAMS 0x0000000083200000| PB 0x0000000083200000| Untracked |  0
|  15|0x0000000083300000, 0x0000000083400000, 0x0000000083400000|100%| O|  |TAMS 0x0000000083300000| PB 0x0000000083300000| Untracked |  0
|  16|0x0000000083400000, 0x0000000083500000, 0x0000000083500000|100%| O|  |TAMS 0x0000000083400000| PB 0x0000000083400000| Untracked |  0
|  17|0x0000000083500000, 0x0000000083600000, 0x0000000083600000|100%| O|  |TAMS 0x0000000083500000| PB 0x0000000083500000| Untracked |  0
|  18|0x0000000083600000, 0x0000000083700000, 0x0000000083700000|100%| O|  |TAMS 0x0000000083600000| PB 0x0000000083600000| Untracked |  0
|  19|0x0000000083700000, 0x0000000083800000, 0x0000000083800000|100%| O|  |TAMS 0x0000000083700000| PB 0x0000000083700000| Untracked |  0
|  20|0x0000000083800000, 0x0000000083900000, 0x0000000083900000|100%| O|  |TAMS 0x0000000083800000| PB 0x0000000083800000| Untracked |  0
|  21|0x0000000083900000, 0x0000000083a00000, 0x0000000083a00000|100%| O|  |TAMS 0x0000000083900000| PB 0x0000000083900000| Untracked |  0
|  22|0x0000000083a00000, 0x0000000083ad6110, 0x0000000083b00000| 83%| O|  |TAMS 0x0000000083a00000| PB 0x0000000083a00000| Untracked |  0
|  23|0x0000000083b00000, 0x0000000083c00000, 0x0000000083c00000|100%| S|CS|TAMS 0x0000000083b00000| PB 0x0000000083b00000| Complete |  0
|  24|0x0000000083c00000, 0x0000000083d00000, 0x0000000083d00000|100%| S|CS|TAMS 0x0000000083c00000| PB 0x0000000083c00000| Complete |  0
|  25|0x0000000083d00000, 0x0000000083e00000, 0x0000000083e00000|100%| S|CS|TAMS 0x0000000083d00000| PB 0x0000000083d00000| Complete |  0
|  26|0x0000000083e00000, 0x0000000083f00000, 0x0000000083f00000|100%| S|CS|TAMS 0x0000000083e00000| PB 0x0000000083e00000| Complete |  0
|  27|0x0000000083f00000, 0x0000000083f00000, 0x0000000084000000|  0%| F|  |TAMS 0x0000000083f00000| PB 0x0000000083f00000| Untracked |  0
|  28|0x0000000084000000, 0x0000000084000000, 0x0000000084100000|  0%| F|  |TAMS 0x0000000084000000| PB 0x0000000084000000| Untracked |  0
|  29|0x0000000084100000, 0x0000000084100000, 0x0000000084200000|  0%| F|  |TAMS 0x0000000084100000| PB 0x0000000084100000| Untracked |  0
|  30|0x0000000084200000, 0x0000000084200000, 0x0000000084300000|  0%| F|  |TAMS 0x0000000084200000| PB 0x0000000084200000| Untracked |  0
|  31|0x0000000084300000, 0x0000000084300000, 0x0000000084400000|  0%| F|  |TAMS 0x0000000084300000| PB 0x0000000084300000| Untracked |  0
|  32|0x0000000084400000, 0x0000000084400000, 0x0000000084500000|  0%| F|  |TAMS 0x0000000084400000| PB 0x0000000084400000| Untracked |  0
|  33|0x0000000084500000, 0x0000000084500000, 0x0000000084600000|  0%| F|  |TAMS 0x0000000084500000| PB 0x0000000084500000| Untracked |  0
|  34|0x0000000084600000, 0x0000000084600000, 0x0000000084700000|  0%| F|  |TAMS 0x0000000084600000| PB 0x0000000084600000| Untracked |  0
|  35|0x0000000084700000, 0x0000000084700000, 0x0000000084800000|  0%| F|  |TAMS 0x0000000084700000| PB 0x0000000084700000| Untracked |  0
|  36|0x0000000084800000, 0x0000000084800000, 0x0000000084900000|  0%| F|  |TAMS 0x0000000084800000| PB 0x0000000084800000| Untracked |  0
|  37|0x0000000084900000, 0x0000000084900000, 0x0000000084a00000|  0%| F|  |TAMS 0x0000000084900000| PB 0x0000000084900000| Untracked |  0
|  38|0x0000000084a00000, 0x0000000084a00000, 0x0000000084b00000|  0%| F|  |TAMS 0x0000000084a00000| PB 0x0000000084a00000| Untracked |  0
|  39|0x0000000084b00000, 0x0000000084b00000, 0x0000000084c00000|  0%| F|  |TAMS 0x0000000084b00000| PB 0x0000000084b00000| Untracked |  0
|  40|0x0000000084c00000, 0x0000000084c00000, 0x0000000084d00000|  0%| F|  |TAMS 0x0000000084c00000| PB 0x0000000084c00000| Untracked |  0
|  41|0x0000000084d00000, 0x0000000084d00000, 0x0000000084e00000|  0%| F|  |TAMS 0x0000000084d00000| PB 0x0000000084d00000| Untracked |  0
|  42|0x0000000084e00000, 0x0000000084e00000, 0x0000000084f00000|  0%| F|  |TAMS 0x0000000084e00000| PB 0x0000000084e00000| Untracked |  0
|  43|0x0000000084f00000, 0x0000000084f00000, 0x0000000085000000|  0%| F|  |TAMS 0x0000000084f00000| PB 0x0000000084f00000| Untracked |  0
|  44|0x0000000085000000, 0x0000000085000000, 0x0000000085100000|  0%| F|  |TAMS 0x0000000085000000| PB 0x0000000085000000| Untracked |  0
|  45|0x0000000085100000, 0x0000000085100000, 0x0000000085200000|  0%| F|  |TAMS 0x0000000085100000| PB 0x0000000085100000| Untracked |  0
|  75|0x0000000086f00000, 0x0000000086ffc258, 0x0000000087000000| 98%| E|  |TAMS 0x0000000086f00000| PB 0x0000000086f00000| Complete |  0
|  76|0x0000000087000000, 0x0000000087100000, 0x0000000087100000|100%| E|CS|TAMS 0x0000000087000000| PB 0x0000000087000000| Complete |  0
|  77|0x0000000087100000, 0x0000000087200000, 0x0000000087200000|100%| E|CS|TAMS 0x0000000087100000| PB 0x0000000087100000| Complete |  0
|  78|0x0000000087200000, 0x0000000087300000, 0x0000000087300000|100%| E|CS|TAMS 0x0000000087200000| PB 0x0000000087200000| Complete |  0
|  79|0x0000000087300000, 0x0000000087400000, 0x0000000087400000|100%| E|CS|TAMS 0x0000000087300000| PB 0x0000000087300000| Complete |  0
|  80|0x0000000087400000, 0x0000000087500000, 0x0000000087500000|100%| E|CS|TAMS 0x0000000087400000| PB 0x0000000087400000| Complete |  0
|  81|0x0000000087500000, 0x0000000087600000, 0x0000000087600000|100%| E|CS|TAMS 0x0000000087500000| PB 0x0000000087500000| Complete |  0
| 125|0x000000008a100000, 0x000000008a200000, 0x000000008a200000|100%| E|CS|TAMS 0x000000008a100000| PB 0x000000008a100000| Complete |  0
|2006|0x00000000ffa00000, 0x00000000ffb00000, 0x00000000ffb00000|100%| E|CS|TAMS 0x00000000ffa00000| PB 0x00000000ffa00000| Complete |  0
|2007|0x00000000ffb00000, 0x00000000ffc00000, 0x00000000ffc00000|100%| O|  |TAMS 0x00000000ffb00000| PB 0x00000000ffb00000| Untracked |  0
|2008|0x00000000ffc00000, 0x00000000ffd00000, 0x00000000ffd00000|100%| O|  |TAMS 0x00000000ffc00000| PB 0x00000000ffc00000| Untracked |  0
|2009|0x00000000ffd00000, 0x00000000ffe00000, 0x00000000ffe00000|100%| O|  |TAMS 0x00000000ffd00000| PB 0x00000000ffd00000| Untracked |  0
|2010|0x00000000ffe00000, 0x00000000fff00000, 0x00000000fff00000|100%| O|  |TAMS 0x00000000ffe00000| PB 0x00000000ffe00000| Untracked |  0
|2011|0x00000000fff00000, 0x0000000100000000, 0x0000000100000000|100%| O|  |TAMS 0x00000000fff00000| PB 0x00000000fff00000| Untracked |  0

Card table byte_map: [0x00000174ff650000,0x00000174ffa40000] _byte_map_base: 0x00000174ff23e000

Marking Bits: (CMBitMap*) 0x00000174fedb4600
 Bits: [0x0000017497670000, 0x00000174995e0000)

Polling page: 0x00000174fe520000

Metaspace:

Usage:
  Non-class:     58.22 MB used.
      Class:      9.72 MB used.
       Both:     67.94 MB used.

Virtual space:
  Non-class space:       64.00 MB reserved,      58.56 MB ( 92%) committed,  1 nodes.
      Class space:        1.00 GB reserved,      10.00 MB ( <1%) committed,  1 nodes.
             Both:        1.06 GB reserved,      68.56 MB (  6%) committed. 

Chunk freelists:
   Non-Class:  4.52 MB
       Class:  6.00 MB
        Both:  10.52 MB

MaxMetaspaceSize: unlimited
CompressedClassSpaceSize: 1.00 GB
Initial GC threshold: 21.00 MB
Current GC threshold: 98.44 MB
CDS: on
 - commit_granule_bytes: 65536.
 - commit_granule_words: 8192.
 - virtual_space_node_default_size: 8388608.
 - enlarge_chunks_in_place: 1.
 - use_allocation_guard: 0.


Internal statistics:

num_allocs_failed_limit: 9.
num_arena_births: 880.
num_arena_deaths: 0.
num_vsnodes_births: 2.
num_vsnodes_deaths: 0.
num_space_committed: 1097.
num_space_uncommitted: 0.
num_chunks_returned_to_freelist: 9.
num_chunks_taken_from_freelist: 3404.
num_chunk_merges: 9.
num_chunk_splits: 2428.
num_chunks_enlarged: 1901.
num_inconsistent_stats: 0.

CodeHeap 'non-profiled nmethods': size=120064Kb used=3041Kb max_used=3041Kb free=117022Kb
 bounds [0x0000017490130000, 0x0000017490430000, 0x0000017497670000]
CodeHeap 'profiled nmethods': size=120000Kb used=9132Kb max_used=9132Kb free=110867Kb
 bounds [0x0000017488670000, 0x0000017488f60000, 0x000001748fba0000]
CodeHeap 'non-nmethods': size=5696Kb used=1636Kb max_used=1738Kb free=4059Kb
 bounds [0x000001748fba0000, 0x000001748fe10000, 0x0000017490130000]
CodeCache: size=245760Kb, used=13809Kb, max_used=13911Kb, free=231948Kb
 total_blobs=6570, nmethods=5872, adapters=603, full_count=0
Compilation: enabled, stopped_count=0, restarted_count=0

Compilation events (20 events):
Event: 278.560 Thread 0x000001749bc09670 nmethod 6582 0x0000017488f56008 code [0x0000017488f56140, 0x0000017488f56580]
Event: 279.403 Thread 0x000001749bc09670 6583       3       org.springframework.boot.devtools.filewatch.DirectorySnapshot::<init> (70 bytes)
Event: 279.421 Thread 0x000001749bc09670 nmethod 6583 0x0000017488f56608 code [0x0000017488f568e0, 0x0000017488f57e60]
Event: 279.421 Thread 0x000001749bc09670 6584       3       org.springframework.boot.devtools.filewatch.DirectorySnapshot$$Lambda/0x000001749d9e75b8::<init> (10 bytes)
Event: 279.421 Thread 0x000001749bc09670 nmethod 6584 0x0000017488f57f88 code [0x0000017488f580a0, 0x0000017488f58258]
Event: 279.806 Thread 0x000001749bc09670 6585       3       org.springframework.boot.devtools.filewatch.FileSystemWatcher$Watcher::scan (63 bytes)
Event: 279.810 Thread 0x000001749bc09670 nmethod 6585 0x0000017488f58288 code [0x0000017488f58420, 0x0000017488f58850]
Event: 287.395 Thread 0x000001749bc09670 6586       3       java.util.HashMap::valuesToArray (81 bytes)
Event: 287.397 Thread 0x000001749bc09670 nmethod 6586 0x0000017488f58888 code [0x0000017488f589c0, 0x0000017488f58e28]
Event: 294.014 Thread 0x000001749bc06800 6587       4       org.springframework.boot.devtools.filewatch.FileSnapshot::equals (110 bytes)
Event: 294.043 Thread 0x000001749bc06800 nmethod 6587 0x0000017490427b08 code [0x0000017490427c60, 0x00000174904283d8]
Event: 303.555 Thread 0x000001749bc09670 6588   !   3       java.util.concurrent.ScheduledThreadPoolExecutor$DelayedWorkQueue::offer (123 bytes)
Event: 303.556 Thread 0x000001749bc09670 nmethod 6588 0x0000017488f58e88 code [0x0000017488f59100, 0x0000017488f5a458]
Event: 303.556 Thread 0x000001749bc09670 6589       3       java.util.concurrent.ThreadPoolExecutor::ensurePrestart (41 bytes)
Event: 303.556 Thread 0x000001749bc09670 nmethod 6589 0x0000017488f5a508 code [0x0000017488f5a660, 0x0000017488f5a908]
Event: 307.418 Thread 0x000001749bc09670 6590       3       java.util.concurrent.ThreadPoolExecutor::beforeExecute (1 bytes)
Event: 307.418 Thread 0x000001749bc09670 nmethod 6590 0x0000017488f5a988 code [0x0000017488f5aaa0, 0x0000017488f5aba8]
Event: 312.664 Thread 0x000001749bc09670 6591       3       java.util.concurrent.ScheduledThreadPoolExecutor$DelayedWorkQueue::finishPoll (43 bytes)
Event: 312.665 Thread 0x000001749bc09670 nmethod 6591 0x0000017488f5ac88 code [0x0000017488f5ade0, 0x0000017488f5b348]
Event: 315.551 Thread 0x000001749bc09670 6592   !   3       java.util.concurrent.FutureTask::runAndReset (125 bytes)

GC Heap History (20 events):
Event: 5.433 GC heap before
{Heap before GC invocations=4 (full 0):
 garbage-first heap   total reserved 2060288K, committed 51200K, used 50498K [0x0000000082400000, 0x0000000100000000)
  region size 1024K, 42 young (43008K), 7 survivors (7168K)
 Metaspace       used 25977K, committed 26368K, reserved 1114112K
  class space    used 3326K, committed 3520K, reserved 1048576K
}
Event: 5.444 GC heap after
{Heap after GC invocations=5 (full 0):
 garbage-first heap   total reserved 2060288K, committed 61440K, used 16957K [0x0000000082400000, 0x0000000100000000)
  region size 1024K, 4 young (4096K), 4 survivors (4096K)
 Metaspace       used 25977K, committed 26368K, reserved 1114112K
  class space    used 3326K, committed 3520K, reserved 1048576K
}
Event: 6.686 GC heap before
{Heap before GC invocations=5 (full 0):
 garbage-first heap   total reserved 2060288K, committed 61440K, used 43581K [0x0000000082400000, 0x0000000100000000)
  region size 1024K, 30 young (30720K), 4 survivors (4096K)
 Metaspace       used 30741K, committed 31296K, reserved 1114112K
  class space    used 3962K, committed 4224K, reserved 1048576K
}
Event: 6.693 GC heap after
{Heap after GC invocations=6 (full 0):
 garbage-first heap   total reserved 2060288K, committed 61440K, used 19454K [0x0000000082400000, 0x0000000100000000)
  region size 1024K, 3 young (3072K), 3 survivors (3072K)
 Metaspace       used 30741K, committed 31296K, reserved 1114112K
  class space    used 3962K, committed 4224K, reserved 1048576K
}
Event: 8.382 GC heap before
{Heap before GC invocations=6 (full 0):
 garbage-first heap   total reserved 2060288K, committed 61440K, used 41982K [0x0000000082400000, 0x0000000100000000)
  region size 1024K, 26 young (26624K), 3 survivors (3072K)
 Metaspace       used 35636K, committed 36096K, reserved 1114112K
  class space    used 4702K, committed 4928K, reserved 1048576K
}
Event: 8.387 GC heap after
{Heap after GC invocations=7 (full 0):
 garbage-first heap   total reserved 2060288K, committed 61440K, used 20947K [0x0000000082400000, 0x0000000100000000)
  region size 1024K, 2 young (2048K), 2 survivors (2048K)
 Metaspace       used 35636K, committed 36096K, reserved 1114112K
  class space    used 4702K, committed 4928K, reserved 1048576K
}
Event: 13.156 GC heap before
{Heap before GC invocations=8 (full 0):
 garbage-first heap   total reserved 2060288K, committed 61440K, used 46547K [0x0000000082400000, 0x0000000100000000)
  region size 1024K, 28 young (28672K), 2 survivors (2048K)
 Metaspace       used 42642K, committed 43264K, reserved 1114112K
  class space    used 5732K, committed 6016K, reserved 1048576K
}
Event: 13.161 GC heap after
{Heap after GC invocations=9 (full 0):
 garbage-first heap   total reserved 2060288K, committed 61440K, used 22449K [0x0000000082400000, 0x0000000100000000)
  region size 1024K, 4 young (4096K), 4 survivors (4096K)
 Metaspace       used 42642K, committed 43264K, reserved 1114112K
  class space    used 5732K, committed 6016K, reserved 1048576K
}
Event: 14.585 GC heap before
{Heap before GC invocations=9 (full 0):
 garbage-first heap   total reserved 2060288K, committed 61440K, used 48049K [0x0000000082400000, 0x0000000100000000)
  region size 1024K, 30 young (30720K), 4 survivors (4096K)
 Metaspace       used 50646K, committed 51264K, reserved 1114112K
  class space    used 6865K, committed 7168K, reserved 1048576K
}
Event: 14.591 GC heap after
{Heap after GC invocations=10 (full 0):
 garbage-first heap   total reserved 2060288K, committed 61440K, used 23824K [0x0000000082400000, 0x0000000100000000)
  region size 1024K, 4 young (4096K), 4 survivors (4096K)
 Metaspace       used 50646K, committed 51264K, reserved 1114112K
  class space    used 6865K, committed 7168K, reserved 1048576K
}
Event: 15.953 GC heap before
{Heap before GC invocations=10 (full 0):
 garbage-first heap   total reserved 2060288K, committed 61440K, used 50448K [0x0000000082400000, 0x0000000100000000)
  region size 1024K, 31 young (31744K), 4 survivors (4096K)
 Metaspace       used 56866K, committed 57472K, reserved 1114112K
  class space    used 7866K, committed 8128K, reserved 1048576K
}
Event: 15.958 GC heap after
{Heap after GC invocations=11 (full 0):
 garbage-first heap   total reserved 2060288K, committed 61440K, used 25744K [0x0000000082400000, 0x0000000100000000)
  region size 1024K, 4 young (4096K), 4 survivors (4096K)
 Metaspace       used 56866K, committed 57472K, reserved 1114112K
  class space    used 7866K, committed 8128K, reserved 1048576K
}
Event: 16.480 GC heap before
{Heap before GC invocations=11 (full 0):
 garbage-first heap   total reserved 2060288K, committed 61440K, used 35984K [0x0000000082400000, 0x0000000100000000)
  region size 1024K, 15 young (15360K), 4 survivors (4096K)
 Metaspace       used 59706K, committed 60288K, reserved 1114112K
  class space    used 8262K, committed 8512K, reserved 1048576K
}
Event: 16.486 GC heap after
{Heap after GC invocations=12 (full 0):
 garbage-first heap   total reserved 2060288K, committed 61440K, used 26811K [0x0000000082400000, 0x0000000100000000)
  region size 1024K, 3 young (3072K), 3 survivors (3072K)
 Metaspace       used 59706K, committed 60288K, reserved 1114112K
  class space    used 8262K, committed 8512K, reserved 1048576K
}
Event: 17.504 GC heap before
{Heap before GC invocations=13 (full 0):
 garbage-first heap   total reserved 2060288K, committed 61440K, used 52411K [0x0000000082400000, 0x0000000100000000)
  region size 1024K, 28 young (28672K), 3 survivors (3072K)
 Metaspace       used 62808K, committed 63360K, reserved 1114112K
  class space    used 8987K, committed 9216K, reserved 1048576K
}
Event: 17.509 GC heap after
{Heap after GC invocations=14 (full 0):
 garbage-first heap   total reserved 2060288K, committed 61440K, used 28901K [0x0000000082400000, 0x0000000100000000)
  region size 1024K, 4 young (4096K), 4 survivors (4096K)
 Metaspace       used 62808K, committed 63360K, reserved 1114112K
  class space    used 8987K, committed 9216K, reserved 1048576K
}
Event: 18.015 GC heap before
{Heap before GC invocations=14 (full 0):
 garbage-first heap   total reserved 2060288K, committed 61440K, used 51429K [0x0000000082400000, 0x0000000100000000)
  region size 1024K, 27 young (27648K), 4 survivors (4096K)
 Metaspace       used 65025K, committed 65664K, reserved 1114112K
  class space    used 9291K, committed 9536K, reserved 1048576K
}
Event: 18.020 GC heap after
{Heap after GC invocations=15 (full 0):
 garbage-first heap   total reserved 2060288K, committed 61440K, used 29545K [0x0000000082400000, 0x0000000100000000)
  region size 1024K, 3 young (3072K), 3 survivors (3072K)
 Metaspace       used 65025K, committed 65664K, reserved 1114112K
  class space    used 9291K, committed 9536K, reserved 1048576K
}
Event: 19.393 GC heap before
{Heap before GC invocations=15 (full 0):
 garbage-first heap   total reserved 2060288K, committed 61440K, used 55145K [0x0000000082400000, 0x0000000100000000)
  region size 1024K, 28 young (28672K), 3 survivors (3072K)
 Metaspace       used 68838K, committed 69568K, reserved 1114112K
  class space    used 9869K, committed 10176K, reserved 1048576K
}
Event: 19.399 GC heap after
{Heap after GC invocations=16 (full 0):
 garbage-first heap   total reserved 2060288K, committed 61440K, used 32600K [0x0000000082400000, 0x0000000100000000)
  region size 1024K, 4 young (4096K), 4 survivors (4096K)
 Metaspace       used 68838K, committed 69568K, reserved 1114112K
  class space    used 9869K, committed 10176K, reserved 1048576K
}

Dll operation events (14 events):
Event: 0.014 Loaded shared library C:\Program Files\Java\jdk-23\bin\java.dll
Event: 0.049 Loaded shared library C:\Program Files\Java\jdk-23\bin\jsvml.dll
Event: 0.170 Loaded shared library C:\Program Files\Java\jdk-23\bin\zip.dll
Event: 0.175 Loaded shared library C:\Program Files\Java\jdk-23\bin\instrument.dll
Event: 0.181 Loaded shared library C:\Program Files\Java\jdk-23\bin\net.dll
Event: 0.184 Loaded shared library C:\Program Files\Java\jdk-23\bin\nio.dll
Event: 0.188 Loaded shared library C:\Program Files\Java\jdk-23\bin\zip.dll
Event: 0.378 Loaded shared library C:\Program Files\JetBrains\IntelliJ IDEA Community Edition 2024.3.1\bin\breakgen64.dll
Event: 0.393 Loaded shared library C:\Program Files\Java\jdk-23\bin\extnet.dll
Event: 0.519 Loaded shared library C:\Program Files\Java\jdk-23\bin\jimage.dll
Event: 1.039 Loaded shared library C:\Program Files\Java\jdk-23\bin\management.dll
Event: 1.042 Loaded shared library C:\Program Files\Java\jdk-23\bin\management_ext.dll
Event: 3.036 Loaded shared library C:\Program Files\Java\jdk-23\bin\sunmscapi.dll
Event: 8.553 Loaded shared library C:\Program Files\Java\jdk-23\bin\verify.dll

Deoptimization events (20 events):
Event: 19.475 Thread 0x00000174e10cb600 Uncommon trap: trap_request=0xffffff45 fr.pc=0x00000174903964f0 relative=0x0000000000003d30
Event: 19.476 Thread 0x00000174e10cb600 Uncommon trap: reason=unstable_if action=reinterpret pc=0x00000174903964f0 method=org.springframework.util.ReflectionUtils.lambda$static$0(Ljava/lang/reflect/Method;)Z @ 4 c2
Event: 19.476 Thread 0x00000174e10cb600 DEOPT PACKING pc=0x00000174903964f0 sp=0x0000003c14bfe880
Event: 19.476 Thread 0x00000174e10cb600 DEOPT UNPACKING pc=0x000001748fbf4402 sp=0x0000003c14bfe7e8 mode 2
Event: 19.490 Thread 0x00000174e10cb600 Uncommon trap: trap_request=0xffffff45 fr.pc=0x00000174901a1bb4 relative=0x0000000000000114
Event: 19.490 Thread 0x00000174e10cb600 Uncommon trap: reason=unstable_if action=reinterpret pc=0x00000174901a1bb4 method=java.lang.ref.ReferenceQueue.poll()Ljava/lang/ref/Reference; @ 4 c2
Event: 19.490 Thread 0x00000174e10cb600 DEOPT PACKING pc=0x00000174901a1bb4 sp=0x0000003c14bfe850
Event: 19.490 Thread 0x00000174e10cb600 DEOPT UNPACKING pc=0x000001748fbf4402 sp=0x0000003c14bfe718 mode 2
Event: 19.526 Thread 0x00000174e10cb600 Uncommon trap: trap_request=0xffffff45 fr.pc=0x00000174902e96c8 relative=0x0000000000001188
Event: 19.526 Thread 0x00000174e10cb600 Uncommon trap: reason=unstable_if action=reinterpret pc=0x00000174902e96c8 method=java.lang.String.<init>(Ljava/nio/charset/Charset;[BII)V @ 6 c2
Event: 19.526 Thread 0x00000174e10cb600 DEOPT PACKING pc=0x00000174902e96c8 sp=0x0000003c14bfddb0
Event: 19.526 Thread 0x00000174e10cb600 DEOPT UNPACKING pc=0x000001748fbf4402 sp=0x0000003c14bfdd70 mode 2
Event: 19.560 Thread 0x00000174e10cb600 Uncommon trap: trap_request=0xffffffde fr.pc=0x00000174903efa64 relative=0x0000000000004d44
Event: 19.560 Thread 0x00000174e10cb600 Uncommon trap: reason=class_check action=maybe_recompile pc=0x00000174903efa64 method=org.springframework.core.ResolvableType.resolveType()Lorg/springframework/core/ResolvableType; @ 44 c2
Event: 19.560 Thread 0x00000174e10cb600 DEOPT PACKING pc=0x00000174903efa64 sp=0x0000003c14bfe250
Event: 19.560 Thread 0x00000174e10cb600 DEOPT UNPACKING pc=0x000001748fbf4402 sp=0x0000003c14bfe268 mode 2
Event: 19.560 Thread 0x00000174e10cb600 Uncommon trap: trap_request=0xffffffde fr.pc=0x00000174903efa64 relative=0x0000000000004d44
Event: 19.560 Thread 0x00000174e10cb600 Uncommon trap: reason=class_check action=maybe_recompile pc=0x00000174903efa64 method=org.springframework.core.ResolvableType.resolveType()Lorg/springframework/core/ResolvableType; @ 44 c2
Event: 19.560 Thread 0x00000174e10cb600 DEOPT PACKING pc=0x00000174903efa64 sp=0x0000003c14bfe340
Event: 19.560 Thread 0x00000174e10cb600 DEOPT UNPACKING pc=0x000001748fbf4402 sp=0x0000003c14bfe358 mode 2

Classes loaded (20 events):
Event: 19.566 Loading class java/beans/WeakIdentityMap done
Event: 19.566 Loading class java/beans/ThreadGroupContext$1 done
Event: 19.567 Loading class java/beans/WeakIdentityMap$Entry
Event: 19.567 Loading class java/beans/WeakIdentityMap$Entry done
Event: 19.567 Loading class com/sun/beans/introspect/ClassInfo
Event: 19.568 Loading class com/sun/beans/introspect/ClassInfo done
Event: 19.568 Loading class com/sun/beans/introspect/ClassInfo$1
Event: 19.568 Loading class com/sun/beans/util/Cache
Event: 19.568 Loading class com/sun/beans/util/Cache done
Event: 19.568 Loading class com/sun/beans/introspect/ClassInfo$1 done
Event: 19.568 Loading class com/sun/beans/util/Cache$Kind
Event: 19.569 Loading class com/sun/beans/util/Cache$Kind done
Event: 19.569 Loading class com/sun/beans/util/Cache$Kind$1
Event: 19.569 Loading class com/sun/beans/util/Cache$Kind$1 done
Event: 19.569 Loading class com/sun/beans/util/Cache$Kind$2
Event: 19.569 Loading class com/sun/beans/util/Cache$Kind$2 done
Event: 19.569 Loading class com/sun/beans/util/Cache$Kind$3
Event: 19.569 Loading class com/sun/beans/util/Cache$Kind$3 done
Event: 19.569 Loading class com/sun/beans/util/Cache$CacheEntry
Event: 19.570 Loading class com/sun/beans/util/Cache$CacheEntry done

Classes unloaded (0 events):
No events

Classes redefined (0 events):
No events

Internal exceptions (20 events):
Event: 15.315 Thread 0x00000174e10cb600 Exception <a 'java/lang/NoSuchMethodError'{0x0000000084b8e688}: 'java.lang.Object java.lang.invoke.Invokers$Holder.linkToTargetMethod(java.lang.Object, java.lang.Object, java.lang.Object, java.lang.Object, java.lang.Object, java.lang.Object, java.lang.Object, java.lang.Object, java.lang.Object, java.lang.Object, java.lang.Object, java.lang.Object)'> (0x0000000084b8e688) 
thrown [s\open\src\hotspot\share\interpreter\linkResolver.cpp, line 796]
Event: 15.375 Thread 0x00000174e10cb600 Exception <a 'java/lang/IncompatibleClassChangeError'{0x0000000084af1b28}: Found class java.lang.Object, but interface was expected> (0x0000000084af1b28) 
thrown [s\open\src\hotspot\share\interpreter\linkResolver.cpp, line 863]
Event: 15.396 Thread 0x00000174e10cb600 Exception <a 'java/lang/NoSuchMethodError'{0x0000000084962ef0}: 'java.lang.Object java.lang.invoke.DirectMethodHandle$Holder.newInvokeSpecial(java.lang.Object, java.lang.Object, java.lang.Object, java.lang.Object, java.lang.Object, java.lang.Object, java.lang.Object, int)'> (0x0000000084962ef0) 
thrown [s\open\src\hotspot\share\interpreter\linkResolver.cpp, line 796]
Event: 15.396 Thread 0x00000174e10cb600 Exception <a 'java/lang/NoSuchMethodError'{0x0000000084967450}: 'java.lang.Object java.lang.invoke.DirectMethodHandle$Holder.invokeSpecial(java.lang.Object, java.lang.Object, java.lang.Object, java.lang.Object, java.lang.Object, java.lang.Object, java.lang.Object, java.lang.Object, int)'> (0x0000000084967450) 
thrown [s\open\src\hotspot\share\interpreter\linkResolver.cpp, line 796]
Event: 15.396 Thread 0x00000174e10cb600 Exception <a 'java/lang/NoSuchMethodError'{0x000000008496b438}: 'java.lang.Object java.lang.invoke.Invokers$Holder.linkToTargetMethod(java.lang.Object, java.lang.Object, java.lang.Object, java.lang.Object, java.lang.Object, java.lang.Object, int, java.lang.Object)'> (0x000000008496b438) 
thrown [s\open\src\hotspot\share\interpreter\linkResolver.cpp, line 796]
Event: 15.432 Thread 0x00000174e10cb600 Exception <a 'java/lang/NoSuchMethodError'{0x0000000084822a88}: 'void java.lang.invoke.DirectMethodHandle$Holder.invokeInterface(java.lang.Object, java.lang.Object)'> (0x0000000084822a88) 
thrown [s\open\src\hotspot\share\interpreter\linkResolver.cpp, line 796]
Event: 15.783 Thread 0x00000174e10cb600 Exception <a 'java/lang/NoSuchMethodError'{0x00000000845f5158}: 'void java.lang.invoke.Invokers$Holder.invokeExact_MT(java.lang.Object, java.lang.Object, java.lang.Object, java.lang.Object)'> (0x00000000845f5158) 
thrown [s\open\src\hotspot\share\interpreter\linkResolver.cpp, line 796]
Event: 15.823 Thread 0x00000174e10cb600 Implicit null exception at 0x0000017490380180 to 0x00000174903803f4
Event: 15.919 Thread 0x00000174e10cb600 Exception <a 'java/lang/IncompatibleClassChangeError'{0x0000000083d1e8e0}: Found class java.lang.Object, but interface was expected> (0x0000000083d1e8e0) 
thrown [s\open\src\hotspot\share\interpreter\linkResolver.cpp, line 863]
Event: 15.988 Thread 0x00000174e10cb600 Exception <a 'java/lang/IncompatibleClassChangeError'{0x000000008a19fb00}: Found class java.lang.Object, but interface was expected> (0x000000008a19fb00) 
thrown [s\open\src\hotspot\share\interpreter\linkResolver.cpp, line 863]
Event: 16.284 Thread 0x00000174e10cb600 Exception <a 'java/lang/IncompatibleClassChangeError'{0x00000000870cd9e0}: Found class java.lang.Object, but interface was expected> (0x00000000870cd9e0) 
thrown [s\open\src\hotspot\share\interpreter\linkResolver.cpp, line 863]
Event: 16.417 Thread 0x00000174e10cb600 Exception <a 'java/lang/IncompatibleClassChangeError'{0x00000000850946a0}: Found class java.lang.Object, but interface was expected> (0x00000000850946a0) 
thrown [s\open\src\hotspot\share\interpreter\linkResolver.cpp, line 863]
Event: 16.516 Thread 0x00000174e10cb600 Exception <a 'java/lang/NoSuchMethodError'{0x000000008a176ce8}: 'java.lang.Object java.lang.invoke.DirectMethodHandle$Holder.invokeStatic(java.lang.Object, int, java.lang.Object)'> (0x000000008a176ce8) 
thrown [s\open\src\hotspot\share\interpreter\linkResolver.cpp, line 796]
Event: 17.782 Thread 0x00000174e10cb600 Exception <a 'java/lang/NoSuchMethodError'{0x00000000849ef188}: 'int java.lang.invoke.DirectMethodHandle$Holder.invokeStaticInit(java.lang.Object, int, java.lang.Object, java.lang.Object, java.lang.Object, java.lang.Object)'> (0x00000000849ef188) 
thrown [s\open\src\hotspot\share\interpreter\linkResolver.cpp, line 796]
Event: 17.923 Thread 0x00000174e10cb600 Exception <a 'java/lang/NoSuchMethodError'{0x0000000084547570}: 'java.lang.Object java.lang.invoke.DirectMethodHandle$Holder.newInvokeSpecial(java.lang.Object, java.lang.Object, java.lang.Object, java.lang.Object, java.lang.Object, java.lang.Object, java.lang.Object, java.lang.Object)'> (0x0000000084547570) 
thrown [s\open\src\hotspot\share\interpreter\linkResolver.cpp, line 796]
Event: 18.649 Thread 0x00000174e10cb600 Exception <a 'java/lang/IncompatibleClassChangeError'{0x0000000084f94470}: Found class java.lang.Object, but interface was expected> (0x0000000084f94470) 
thrown [s\open\src\hotspot\share\interpreter\linkResolver.cpp, line 863]
Event: 19.089 Thread 0x00000174e10cb600 Exception <a 'java/lang/NoSuchMethodError'{0x0000000084854db8}: 'void java.lang.invoke.DirectMethodHandle$Holder.invokeVirtual(java.lang.Object, java.lang.Object, long)'> (0x0000000084854db8) 
thrown [s\open\src\hotspot\share\interpreter\linkResolver.cpp, line 796]
Event: 19.266 Thread 0x00000174e10cb600 Exception <a 'java/lang/IncompatibleClassChangeError'{0x000000008445ad58}: Found class java.lang.Object, but interface was expected> (0x000000008445ad58) 
thrown [s\open\src\hotspot\share\interpreter\linkResolver.cpp, line 863]
Event: 19.284 Thread 0x00000174e10cb600 Implicit null exception at 0x00000174902798eb to 0x0000017490279b64
Event: 19.493 Thread 0x00000174e10cb600 Exception <a 'java/lang/NoSuchMethodError'{0x000000008a1feea0}: 'java.lang.Object java.lang.invoke.DirectMethodHandle$Holder.newInvokeSpecial(java.lang.Object, java.lang.Object, int, java.lang.Object, java.lang.Object)'> (0x000000008a1feea0) 
thrown [s\open\src\hotspot\share\interpreter\linkResolver.cpp, line 796]

VM Operations (20 events):
Event: 17.504 Executing VM operation: G1CollectForAllocation (G1 Evacuation Pause)
Event: 17.509 Executing VM operation: G1CollectForAllocation (G1 Evacuation Pause) done
Event: 18.015 Executing VM operation: G1CollectForAllocation (G1 Evacuation Pause)
Event: 18.020 Executing VM operation: G1CollectForAllocation (G1 Evacuation Pause) done
Event: 18.325 Executing VM operation: HandshakeAllThreads (Deoptimize)
Event: 18.325 Executing VM operation: HandshakeAllThreads (Deoptimize) done
Event: 18.426 Executing VM operation: HandshakeAllThreads (Deoptimize)
Event: 18.426 Executing VM operation: HandshakeAllThreads (Deoptimize) done
Event: 18.427 Executing VM operation: HandshakeAllThreads (Deoptimize)
Event: 18.427 Executing VM operation: HandshakeAllThreads (Deoptimize) done
Event: 19.133 Executing VM operation: HandshakeAllThreads (Deoptimize)
Event: 19.133 Executing VM operation: HandshakeAllThreads (Deoptimize) done
Event: 19.393 Executing VM operation: G1CollectForAllocation (G1 Evacuation Pause)
Event: 19.399 Executing VM operation: G1CollectForAllocation (G1 Evacuation Pause) done
Event: 19.490 Executing VM operation: HandshakeAllThreads (Deoptimize)
Event: 19.490 Executing VM operation: HandshakeAllThreads (Deoptimize) done
Event: 60.240 Executing VM operation: HandshakeAllThreads (HandshakeForDeflation)
Event: 60.240 Executing VM operation: HandshakeAllThreads (HandshakeForDeflation) done
Event: 60.240 Executing VM operation: RendezvousGCThreads
Event: 60.240 Executing VM operation: RendezvousGCThreads done

Memory protections (0 events):
No events

Nmethod flushes (20 events):
Event: 16.523 Thread 0x000001749bbb2640 flushing  nmethod 0x00000174887c7a88
Event: 16.523 Thread 0x000001749bbb2640 flushing  nmethod 0x00000174887cb108
Event: 16.523 Thread 0x000001749bbb2640 flushing  nmethod 0x000001748880d908
Event: 16.523 Thread 0x000001749bbb2640 flushing  nmethod 0x000001748880e108
Event: 16.523 Thread 0x000001749bbb2640 flushing  nmethod 0x000001748880ee08
Event: 16.523 Thread 0x000001749bbb2640 flushing  nmethod 0x0000017488873208
Event: 16.523 Thread 0x000001749bbb2640 flushing  nmethod 0x00000174888b4408
Event: 16.523 Thread 0x000001749bbb2640 flushing  nmethod 0x0000017488941608
Event: 16.523 Thread 0x000001749bbb2640 flushing  nmethod 0x00000174889d4e08
Event: 16.523 Thread 0x000001749bbb2640 flushing  nmethod 0x00000174889f1b08
Event: 16.523 Thread 0x000001749bbb2640 flushing  nmethod 0x00000174889f3408
Event: 16.523 Thread 0x000001749bbb2640 flushing  nmethod 0x00000174889fb808
Event: 16.523 Thread 0x000001749bbb2640 flushing  nmethod 0x0000017488a38a88
Event: 16.523 Thread 0x000001749bbb2640 flushing  nmethod 0x0000017488a57a08
Event: 16.523 Thread 0x000001749bbb2640 flushing  nmethod 0x0000017488b5fe08
Event: 16.523 Thread 0x000001749bbb2640 flushing  nmethod 0x0000017488b60108
Event: 16.523 Thread 0x000001749bbb2640 flushing  nmethod 0x0000017488b67788
Event: 16.523 Thread 0x000001749bbb2640 flushing  nmethod 0x0000017488bb0e08
Event: 16.523 Thread 0x000001749bbb2640 flushing  nmethod 0x0000017488be5c08
Event: 16.523 Thread 0x000001749bbb2640 flushing  nmethod 0x0000017488c73a88

Events (20 events):
Event: 19.466 Thread 0x00000174e2e9cc80 Thread exited: 0x00000174e2e9cc80
Event: 19.467 Thread 0x00000174e10cb600 Thread added: 0x00000174e6ca95b0
Event: 19.507 Thread 0x00000174e10cb600 Thread added: 0x00000174e6ca6130
Event: 19.508 Thread 0x00000174e10cb600 Thread added: 0x00000174e6ca9c40
Event: 19.508 Thread 0x00000174e10cb600 Thread added: 0x00000174e6ca5410
Event: 19.508 Thread 0x00000174e10cb600 Thread added: 0x00000174e6ca5aa0
Event: 19.508 Thread 0x00000174e10cb600 Thread added: 0x00000174e6ca4d80
Event: 19.508 Thread 0x00000174e10cb600 Thread added: 0x00000174e6ca8f20
Event: 19.508 Thread 0x00000174e10cb600 Thread added: 0x00000174e6ca8200
Event: 19.508 Thread 0x00000174e10cb600 Thread added: 0x00000174e6ca7b70
Event: 19.509 Thread 0x00000174e10cb600 Thread added: 0x00000174e6ca8890
Event: 19.509 Thread 0x00000174e10cb600 Thread added: 0x00000174e6ca67c0
Event: 19.529 Thread 0x00000174e10cb600 Thread added: 0x00000174e6caa2d0
Event: 19.532 Thread 0x00000174e10cb600 Thread added: 0x00000174e6ca6e50
Event: 19.566 Thread 0x00000174e10cb600 Thread exited: 0x00000174e10cb600
Event: 19.571 Thread 0x00000174e10ca250 Thread exited: 0x00000174e10ca250
Event: 19.572 Thread 0x00000174fca2a100 Thread exited: 0x00000174fca2a100
Event: 19.572 Thread 0x00000174e6caa960 Thread added: 0x00000174e6caa960
Event: 20.474 Thread 0x00000174e6870890 Thread exited: 0x00000174e6870890
Event: 21.513 Thread 0x00000174e1626a30 Thread exited: 0x00000174e1626a30


Dynamic libraries:
0x00007ff7f2090000 - 0x00007ff7f20a0000 	C:\Program Files\Java\jdk-23\bin\java.exe
0x00007ffd02cd0000 - 0x00007ffd02ec8000 	C:\Windows\SYSTEM32\ntdll.dll
0x00007ffd016c0000 - 0x00007ffd01782000 	C:\Windows\System32\KERNEL32.DLL
0x00007ffd00590000 - 0x00007ffd0088e000 	C:\Windows\System32\KERNELBASE.dll
0x00007ffd00490000 - 0x00007ffd00590000 	C:\Windows\System32\ucrtbase.dll
0x00007ffcfaea0000 - 0x00007ffcfaeb7000 	C:\Program Files\Java\jdk-23\bin\jli.dll
0x00007ffcfaec0000 - 0x00007ffcfaedb000 	C:\Program Files\Java\jdk-23\bin\VCRUNTIME140.dll
0x00007ffd010c0000 - 0x00007ffd0125d000 	C:\Windows\System32\USER32.dll
0x00007ffd00960000 - 0x00007ffd00982000 	C:\Windows\System32\win32u.dll
0x00007ffcff820000 - 0x00007ffcffaba000 	C:\Windows\WinSxS\amd64_microsoft.windows.common-controls_6595b64144ccf1df_6.0.19041.4355_none_60b8b9eb71f62e16\COMCTL32.dll
0x00007ffd01840000 - 0x00007ffd0186b000 	C:\Windows\System32\GDI32.dll
0x00007ffd01790000 - 0x00007ffd0182e000 	C:\Windows\System32\msvcrt.dll
0x00007ffd00990000 - 0x00007ffd00aa7000 	C:\Windows\System32\gdi32full.dll
0x00007ffd00890000 - 0x00007ffd0092d000 	C:\Windows\System32\msvcp_win.dll
0x00007ffd02c60000 - 0x00007ffd02c8f000 	C:\Windows\System32\IMM32.DLL
0x00007ffce1790000 - 0x00007ffce179c000 	C:\Program Files\Java\jdk-23\bin\vcruntime140_1.dll
0x00007ffcb41c0000 - 0x00007ffcb424e000 	C:\Program Files\Java\jdk-23\bin\msvcp140.dll
0x00007ffca20c0000 - 0x00007ffca2e0f000 	C:\Program Files\Java\jdk-23\bin\server\jvm.dll
0x00007ffd00e40000 - 0x00007ffd00ef1000 	C:\Windows\System32\ADVAPI32.dll
0x00007ffd01260000 - 0x00007ffd012ff000 	C:\Windows\System32\sechost.dll
0x00007ffd01470000 - 0x00007ffd01593000 	C:\Windows\System32\RPCRT4.dll
0x00007ffd00930000 - 0x00007ffd00957000 	C:\Windows\System32\bcrypt.dll
0x00007ffd01870000 - 0x00007ffd018db000 	C:\Windows\System32\WS2_32.dll
0x00007ffce8240000 - 0x00007ffce8267000 	C:\Windows\SYSTEM32\WINMM.dll
0x00007ffcfc9b0000 - 0x00007ffcfc9ba000 	C:\Windows\SYSTEM32\VERSION.dll
0x00007ffcfff60000 - 0x00007ffcfffab000 	C:\Windows\SYSTEM32\POWRPROF.dll
0x00007ffcffac0000 - 0x00007ffcffad2000 	C:\Windows\SYSTEM32\UMPDC.dll
0x00007ffcfe4d0000 - 0x00007ffcfe4e2000 	C:\Windows\SYSTEM32\kernel.appcore.dll
0x00007ffcd4b90000 - 0x00007ffcd4b9a000 	C:\Program Files\Java\jdk-23\bin\jimage.dll
0x00007ffcffd70000 - 0x00007ffcfff54000 	C:\Windows\SYSTEM32\DBGHELP.DLL
0x00007ffcffcb0000 - 0x00007ffcffce4000 	C:\Windows\SYSTEM32\dbgcore.DLL
0x00007ffd00c10000 - 0x00007ffd00c92000 	C:\Windows\System32\bcryptPrimitives.dll
0x00007ffcd4b50000 - 0x00007ffcd4b5f000 	C:\Program Files\Java\jdk-23\bin\instrument.dll
0x00007ffcd4b70000 - 0x00007ffcd4b8e000 	C:\Program Files\Java\jdk-23\bin\java.dll
0x00007ffd01b10000 - 0x00007ffd01c3b000 	C:\Windows\System32\ole32.dll
0x00007ffd01c50000 - 0x00007ffd01fa3000 	C:\Windows\System32\combase.dll
0x00007ffd02440000 - 0x00007ffd02bad000 	C:\Windows\System32\SHELL32.dll
0x00007ffcfd680000 - 0x00007ffcfde24000 	C:\Windows\SYSTEM32\windows.storage.dll
0x00007ffcff5e0000 - 0x00007ffcff60e000 	C:\Windows\SYSTEM32\Wldp.dll
0x00007ffd00cf0000 - 0x00007ffd00dbd000 	C:\Windows\System32\OLEAUT32.dll
0x00007ffd013c0000 - 0x00007ffd0146d000 	C:\Windows\System32\SHCORE.dll
0x00007ffd01a20000 - 0x00007ffd01a75000 	C:\Windows\System32\shlwapi.dll
0x00007ffd002a0000 - 0x00007ffd002c4000 	C:\Windows\SYSTEM32\profapi.dll
0x00007ffcb40e0000 - 0x00007ffcb41b7000 	C:\Program Files\Java\jdk-23\bin\jsvml.dll
0x00007ffcd4ad0000 - 0x00007ffcd4ae7000 	C:\Program Files\Java\jdk-23\bin\zip.dll
0x00007ffcd4b60000 - 0x00007ffcd4b70000 	C:\Program Files\Java\jdk-23\bin\net.dll
0x00007ffcff3f0000 - 0x00007ffcff45a000 	C:\Windows\system32\mswsock.dll
0x00007ffcd4af0000 - 0x00007ffcd4b06000 	C:\Program Files\Java\jdk-23\bin\nio.dll
0x00007ffcd0240000 - 0x00007ffcd025a000 	C:\Program Files\JetBrains\IntelliJ IDEA Community Edition 2024.3.1\bin\breakgen64.dll
0x00007ffcd4ab0000 - 0x00007ffcd4ab9000 	C:\Program Files\Java\jdk-23\bin\extnet.dll
0x00007ffccffd0000 - 0x00007ffccffda000 	C:\Program Files\Java\jdk-23\bin\management.dll
0x00007ffcb59e0000 - 0x00007ffcb59eb000 	C:\Program Files\Java\jdk-23\bin\management_ext.dll
0x00007ffd01c40000 - 0x00007ffd01c48000 	C:\Windows\System32\PSAPI.DLL
0x00007ffcd4ac0000 - 0x00007ffcd4ace000 	C:\Program Files\Java\jdk-23\bin\sunmscapi.dll
0x00007ffd00ab0000 - 0x00007ffd00c0c000 	C:\Windows\System32\CRYPT32.dll
0x00007ffcff700000 - 0x00007ffcff727000 	C:\Windows\SYSTEM32\ncrypt.dll
0x00007ffcff6c0000 - 0x00007ffcff6fb000 	C:\Windows\SYSTEM32\NTASN1.dll
0x00007ffd000e0000 - 0x00007ffd000f8000 	C:\Windows\SYSTEM32\CRYPTSP.dll
0x00007ffcfed30000 - 0x00007ffcfed64000 	C:\Windows\system32\rsaenh.dll
0x00007ffd00260000 - 0x00007ffd0028e000 	C:\Windows\SYSTEM32\USERENV.dll
0x00007ffcff610000 - 0x00007ffcff61c000 	C:\Windows\SYSTEM32\CRYPTBASE.dll
0x00007ffcff0b0000 - 0x00007ffcff0eb000 	C:\Windows\SYSTEM32\IPHLPAPI.DLL
0x00007ffd00f00000 - 0x00007ffd00f08000 	C:\Windows\System32\NSI.dll
0x00007ffcb3040000 - 0x00007ffcb3050000 	C:\Program Files\Java\jdk-23\bin\verify.dll
0x00007ffcff0f0000 - 0x00007ffcff1ba000 	C:\Windows\SYSTEM32\DNSAPI.dll
0x00007ffcf8840000 - 0x00007ffcf884a000 	C:\Windows\System32\rasadhlp.dll
0x00007ffcf2f60000 - 0x00007ffcf2fe0000 	C:\Windows\System32\fwpuclnt.dll
0x00007ffcd8ce0000 - 0x00007ffcd8ce7000 	C:\Windows\system32\wshunix.dll

dbghelp: loaded successfully - version: 4.0.5 - missing functions: none
symbol engine: initialized successfully - sym options: 0x614 - pdb path: .;C:\Program Files\Java\jdk-23\bin;C:\Windows\SYSTEM32;C:\Windows\WinSxS\amd64_microsoft.windows.common-controls_6595b64144ccf1df_6.0.19041.4355_none_60b8b9eb71f62e16;C:\Program Files\Java\jdk-23\bin\server;C:\Program Files\JetBrains\IntelliJ IDEA Community Edition 2024.3.1\bin

VM Arguments:
jvm_args: -javaagent:C:\Program Files\JetBrains\IntelliJ IDEA Community Edition 2024.3.1\lib\idea_rt.jar=50640:C:\Program Files\JetBrains\IntelliJ IDEA Community Edition 2024.3.1\bin -Dfile.encoding=UTF-8 -Dsun.stdout.encoding=UTF-8 -Dsun.stderr.encoding=UTF-8 
java_command: com.store.product.ProductApplication
java_class_path (initial): E:\BSI\OJT SPESIFIK\dian store microservices\product\target\classes;C:\Users\Diani Putri\.m2\repository\org\springframework\boot\spring-boot-starter-data-jpa\3.4.0\spring-boot-starter-data-jpa-3.4.0.jar;C:\Users\Diani Putri\.m2\repository\org\springframework\boot\spring-boot-starter\3.4.0\spring-boot-starter-3.4.0.jar;C:\Users\Diani Putri\.m2\repository\org\springframework\boot\spring-boot-starter-logging\3.4.0\spring-boot-starter-logging-3.4.0.jar;C:\Users\Diani Putri\.m2\repository\ch\qos\logback\logback-classic\1.5.12\logback-classic-1.5.12.jar;C:\Users\Diani Putri\.m2\repository\ch\qos\logback\logback-core\1.5.12\logback-core-1.5.12.jar;C:\Users\Diani Putri\.m2\repository\org\apache\logging\log4j\log4j-to-slf4j\2.24.1\log4j-to-slf4j-2.24.1.jar;C:\Users\Diani Putri\.m2\repository\org\apache\logging\log4j\log4j-api\2.24.1\log4j-api-2.24.1.jar;C:\Users\Diani Putri\.m2\repository\org\slf4j\jul-to-slf4j\2.0.16\jul-to-slf4j-2.0.16.jar;C:\Users\Diani Putri\.m2\repository\jakarta\annotation\jakarta.annotation-api\2.1.1\jakarta.annotation-api-2.1.1.jar;C:\Users\Diani Putri\.m2\repository\org\yaml\snakeyaml\2.3\snakeyaml-2.3.jar;C:\Users\Diani Putri\.m2\repository\org\hibernate\orm\hibernate-core\6.6.2.Final\hibernate-core-6.6.2.Final.jar;C:\Users\Diani Putri\.m2\repository\jakarta\transaction\jakarta.transaction-api\2.0.1\jakarta.transaction-api-2.0.1.jar;C:\Users\Diani Putri\.m2\repository\org\jboss\logging\jboss-logging\3.6.1.Final\jboss-logging-3.6.1.Final.jar;C:\Users\Diani Putri\.m2\repository\org\hibernate\common\hibernate-commons-annotations\7.0.3.Final\hibernate-commons-annotations-7.0.3.Final.jar;C:\Users\Diani Putri\.m2\repository\io\smallrye\jandex\3.2.0\jandex-3.2.0.jar;C:\Users\Diani Putri\.m2\repository\com\fasterxml\classmate\1.7.0\classmate-1.7.0.jar;C:\Users\Diani Putri\.m2\repository\net\bytebuddy\byte-buddy\1.15.10\byte-buddy-1.15.10.jar;C:\Users\Diani Putri\.m2\repository\org\glassfish\jaxb\jaxb-runtime\4.0.5\jaxb-runtime-4.0.5.jar;C:\Users\Diani Putri\.m2\repository\org\glassfish\jaxb\jaxb-core\4.0.5\jaxb-core-4.0.5.jar;C:\Users\Diani Putri\.m2\repository\org\eclipse\angus\angus-activation\2.0.2\angus-activation-2.0.2.jar;C:\Users\Diani Putri\.m2\repository\org\glassfish\jaxb\txw2\4.0.5\txw2-4.0.5.jar;C:\Users\Diani Putri\.m2\repository\com\sun\istack\istack-commons-runtime\4.1.2\istack-commons-runtime-4.1.2.jar;C:\Users\Diani Putri\.m2\repository\jakarta\inject\jakarta.inject-api\2.0.1\jakarta.inject-api-2.0.1.jar;C:\Users\Diani Putri\.m2\repository\org\antlr\antlr4-runtime\4.13.0\antlr4-runtime-4.13.0.jar;C:\Users\Diani Putri\.m2\repository\org\springframework\data\spring-data-jpa\3.4.0\spring-data-jpa-3.4.0.jar;C:\Users\Diani Putri\.m2\repository\org\springframework\data\spring-data-commons\3.4.0\spring-data-commons-3.4.0.jar;C:\Users\Diani Putri\.m2\repository\org\springframework\spring-orm\6.2.0\spring-orm-6.2.0.jar;C:\Users\Diani Putri\.m2\repository\org\springframework\spring-context\6.2.0\spring-context-6.2.0.jar;C:\Users\Diani Putri\.m2\repository\org\springframework\spring-tx\6.2.0\spring-tx-6.2.0.jar;C:\Users\Diani Putri\.m2\repository\org\springframework\spring-beans\6.2.0\spring-beans-6.2.0.jar;C:\Users\Diani Putri\.m2\repository\org\slf4j\slf4j-api\2.0.16\slf4j-api-2.0.16.jar;C:\Users\Diani Putri\.m2\repository\org\springframework\spring-aspects\6.2.0\spring-aspects-6.2.0.jar;C:\Users\Diani Putri\.m2\repository\org\aspectj\aspectjweaver\1.9.22.1\aspectjweaver-1.9.22.1.jar;C:\Users\Diani Putri\.m2\repository\org\springframework\boot\spring-boot-starter-jdbc\3.4.0\spring-boot-starter-jdbc-3.4.0.jar;C:\Users\Diani Putri\.m2\repository\com\zaxxer\HikariCP\5.1.0\HikariCP-5.1.0.jar;C:\Users\Diani Putri\.m2\repository\org\springframework\spring-jdbc\6.2.0\spring-jdbc-6.2.0.jar;C:\Users\Diani Putri\.m2\repository\org\springframework\boot\spring-boot-starter-web\3.4.0\spring-boot-starter-web-3.4.0.jar;C:\Users\Diani Putri\.m2\repository\org\springframework\boot\spring-boot-starter-json\3.4.0\spring-boot-starter-json-3.4.0.jar;C:\Users\Diani Putri\.m2\repository\com\fasterxml\jackson\datatype\jackson-datatype-jdk8\2.18.1\jackson-datatype-jdk8-2.18.1.jar;C:\Users\Diani Putri\.m2\repository\com\fasterxml\jackson\datatype\jackson-datatype-jsr310\2.18.1\jackson-datatype-jsr310-2.18.1.jar;C:\Users\Diani Putri\.m2\repository\org\springframework\boot\spring-boot-starter-tomcat\3.4.0\spring-boot-starter-tomcat-3.4.0.jar;C:\Users\Diani Putri\.m2\repository\org\apache\tomcat\embed\tomcat-embed-core\10.1.33\tomcat-embed-core-10.1.33.jar;C:\Users\Diani Putri\.m2\repository\org\apache\tomcat\embed\tomcat-embed-el\10.1.33\tomcat-embed-el-10.1.33.jar;C:\Users\Diani Putri\.m2\repository\org\apache\tomcat\embed\tomcat-embed-websocket\10.1.33\tomcat-embed-websocket-10.1.33.jar;C:\Users\Diani Putri\.m2\repository\org\springframework\spring-web\6.2.0\spring-web-6.2.0.jar;C:\Users\Diani Putri\.m2\repository\io\micrometer\micrometer-observation\1.14.1\micrometer-observation-1.14.1.jar;C:\Users\Diani Putri\.m2\repository\io\micrometer\micrometer-commons\1.14.1\micrometer-commons-1.14.1.jar;C:\Users\Diani Putri\.m2\repository\org\springframework\spring-webmvc\6.2.0\spring-webmvc-6.2.0.jar;C:\Users\Diani Putri\.m2\repository\org\springframework\spring-expression\6.2.0\spring-expression-6.2.0.jar;C:\Users\Diani Putri\.m2\repository\org\projectlombok\lombok\1.18.36\lombok-1.18.36.jar;C:\Users\Diani Putri\.m2\repository\jakarta\xml\bind\jakarta.xml.bind-api\4.0.2\jakarta.xml.bind-api-4.0.2.jar;C:\Users\Diani Putri\.m2\repository\jakarta\activation\jakarta.activation-api\2.1.3\jakarta.activation-api-2.1.3.jar;C:\Users\Diani Putri\.m2\repository\org\springframework\spring-core\6.2.0\spring-core-6.2.0.jar;C:\Users\Diani Putri\.m2\repository\org\springframework\spring-jcl\6.2.0\spring-jcl-6.2.0.jar;C:\Users\Diani Putri\.m2\repository\jakarta\validation\jakarta.validation-api\3.0.2\jakarta.validation-api-3.0.2.jar;C:\Users\Diani Putri\.m2\repository\org\springframework\boot\spring-boot-devtools\3.4.0\spring-boot-devtools-3.4.0.jar;C:\Users\Diani Putri\.m2\repository\org\springframework\boot\spring-boot\3.4.0\spring-boot-3.4.0.jar;C:\Users\Diani Putri\.m2\repository\org\springframework\boot\spring-boot-autoconfigure\3.4.0\spring-boot-autoconfigure-3.4.0.jar;C:\Users\Diani Putri\.m2\repository\org\springframework\boot\spring-boot-docker-compose\3.4.0\spring-boot-docker-compose-3.4.0.jar;C:\Users\Diani Putri\.m2\repository\com\fasterxml\jackson\module\jackson-module-parameter-names\2.18.1\jackson-module-parameter-names-2.18.1.jar;C:\Users\Diani Putri\.m2\repository\org\postgresql\postgresql\42.7.4\postgresql-42.7.4.jar;C:\Users\Diani Putri\.m2\repository\org\checkerframework\checker-qual\3.42.0\checker-qual-3.42.0.jar;C:\Users\Diani Putri\.m2\repository\org\springframework\boot\spring-boot-starter-security\3.4.0\spring-boot-starter-security-3.4.0.jar;C:\Users\Diani Putri\.m2\repository\org\springframework\spring-aop\6.2.0\spring-aop-6.2.0.jar;C:\Users\Diani Putri\.m2\repository\org\springframework\security\spring-security-config\6.4.1\spring-security-config-6.4.1.jar;C:\Users\Diani Putri\.m2\repository\org\springframework\security\spring-security-core\6.4.1\spring-security-core-6.4.1.jar;C:\Users\Diani Putri\.m2\repository\org\springframework\security\spring-security-crypto\6.4.1\spring-security-crypto-6.4.1.jar;C:\Users\Diani Putri\.m2\repository\org\springframework\security\spring-security-web\6.4.1\spring-security-web-6.4.1.jar;C:\Users\Diani Putri\.m2\repository\jakarta\persistence\jakarta.persistence-api\3.1.0\jakarta.persistence-api-3.1.0.jar;C:\Users\Diani Putri\.m2\repository\io\jsonwebtoken\jjwt-api\0.11.5\jjwt-api-0.11.5.jar;C:\Users\Diani Putri\.m2\repository\io\jsonwebtoken\jjwt-impl\0.11.5\jjwt-impl-0.11.5.jar;C:\Users\Diani Putri\.m2\repository\com\fasterxml\jackson\core\jackson-databind\2.18.1\jackson-databind-2.18.1.jar;C:\Users\Diani Putri\.m2\repository\com\fasterxml\jackson\core\jackson-annotations\2.18.1\jackson-annotations-2.18.1.jar;C:\Users\Diani Putri\.m2\repository\com\fasterxml\jackson\core\jackson-core\2.18.1\jackson-core-2.18.1.jar;C:\Users\Diani Putri\.m2\repository\io\jsonwebtoken\jjwt-jackson\0.11.5\jjwt-jackson-0.11.5.jar
Launcher Type: SUN_STANDARD

[Global flags]
     intx CICompilerCount                          = 4                                         {product} {ergonomic}
     uint ConcGCThreads                            = 2                                         {product} {ergonomic}
     uint G1ConcRefinementThreads                  = 8                                         {product} {ergonomic}
   size_t G1HeapRegionSize                         = 1048576                                   {product} {ergonomic}
   size_t InitialHeapSize                          = 132120576                                 {product} {ergonomic}
   size_t MarkStackSize                            = 4194304                                   {product} {ergonomic}
   size_t MarkStackSizeMax                         = 536870912                                 {product} {ergonomic}
   size_t MaxHeapSize                              = 2109734912                                {product} {ergonomic}
   size_t MaxNewSize                               = 1265631232                                {product} {ergonomic}
   size_t MinHeapDeltaBytes                        = 1048576                                   {product} {ergonomic}
   size_t MinHeapSize                              = 8388608                                   {product} {ergonomic}
    uintx NonNMethodCodeHeapSize                   = 5832704                                {pd product} {ergonomic}
    uintx NonProfiledCodeHeapSize                  = 122945536                              {pd product} {ergonomic}
    uintx ProfiledCodeHeapSize                     = 122880000                              {pd product} {ergonomic}
    uintx ReservedCodeCacheSize                    = 251658240                              {pd product} {ergonomic}
     bool SegmentedCodeCache                       = true                                      {product} {ergonomic}
   size_t SoftMaxHeapSize                          = 2109734912                             {manageable} {ergonomic}
     bool UseCompressedOops                        = true                           {product lp64_product} {ergonomic}
     bool UseG1GC                                  = true                                      {product} {ergonomic}
     bool UseLargePagesIndividualAllocation        = false                                  {pd product} {ergonomic}

Logging:
Log output configuration:
 #0: stdout all=warning uptime,level,tags foldmultilines=false
 #1: stderr all=off uptime,level,tags foldmultilines=false

Environment Variables:
JAVA_HOME=C:\Program Files\Java\jdk-23
PATH=C:\Python312\Scripts\;C:\Python312\;C:\Program Files\Java\jdk-23\bin;C:\Program Files\Common Files\Oracle\Java\javapath;C:\Windows\system32;C:\Windows;C:\Windows\System32\Wbem;C:\Windows\System32\WindowsPowerShell\v1.0\;C:\Windows\System32\OpenSSH\;C:\Program Files\Docker\Docker\resources\bin;C:\Program Files\Go\bin;C:\Program Files\Git\cmd;C:\Program Files\nodejs\;;C:\ProgramData\chocolatey\bin;C:\Users\Diani Putri\AppData\Local\Programs\Python\Python313\Scripts\;C:\Users\Diani Putri\AppData\Local\Programs\Python\Python313\;C:\Users\Diani Putri\AppData\Local\Programs\Python\Launcher\;C:\Users\Diani Putri\AppData\Local\Microsoft\WindowsApps;C:\Users\Diani Putri\AppData\Local\Programs\Microsoft VS Code\bin;C:\Users\Diani Putri\go\bin;C:\Users\Diani Putri\AppData\Roaming\npm;C:\Users\Diani Putri\AppData\Local\JetBrains\Toolbox\scripts;
USERNAME=Diani Putri
OS=Windows_NT
PROCESSOR_IDENTIFIER=Intel64 Family 6 Model 142 Stepping 11, GenuineIntel
TMP=C:\Users\DIANIP~1\AppData\Local\Temp
TEMP=C:\Users\DIANIP~1\AppData\Local\Temp




Periodic native trim disabled

---------------  S Y S T E M  ---------------

OS:
 Windows 10 , 64 bit Build 19041 (10.0.19041.5072)
OS uptime: 0 days 0:18 hours
Hyper-V role detected

CPU: total 8 (initial active 8) (4 cores per cpu, 2 threads per core) family 6 model 142 stepping 11 microcode 0xde, cx8, cmov, fxsr, ht, mmx, 3dnowpref, sse, sse2, sse3, ssse3, sse4.1, sse4.2, popcnt, lzcnt, tsc, tscinvbit, avx, avx2, aes, erms, clmul, bmi1, bmi2, adx, fma, vzeroupper, clflush, clflushopt, hv, rdtscp, f16c
Processor Information for the first 8 processors :
  Max Mhz: 1800, Current Mhz: 1600, Mhz Limit: 1584

Memory: 4k page, system-wide physical 8043M (608M free)
TotalPageFile size 17259M (AvailPageFile size 4488M)
current process WorkingSet (physical memory assigned to process): 33M, peak: 294M
current process commit charge ("private bytes"): 287M, peak: 332M

vm_info: Java HotSpot(TM) 64-Bit Server VM (23.0.1+11-39) for windows-amd64 JRE (23.0.1+11-39), built on 2024-09-30T07:20:43Z with MS VC++ 17.6 (VS2022)

END.
